<?xml version="1.0" encoding="UTF-8"?>
<!-- Generated by org.testng.reporters.JUnitReportReporter -->
<testsuite hostname="Raszi" failures="0" tests="2" name="APITests" time="1.506" errors="0" timestamp="2023-04-14T22:17:27 CEST" skipped="0">
  <testcase classname="APITests" name="test2" time="0.123"/>
  <system-out/>
  <testcase classname="APITests" name="test1" time="1.383"/>
  <system-out/>
</testsuite> <!-- APITests -->
